<?xml version="1.0" encoding="UTF-8"?>
<!-- Generated by org.testng.reporters.JUnitXMLReporter -->
<testsuite ignored="8" hostname="AARCHITH" failures="0" tests="5" name="Test_runner-2" time="0.332" errors="0" timestamp="2021-05-06T00:09:27 IST">
  <testcase classname="com.crm.vtiger.GenericUtils.BaseClass" name="@BeforeClass configBC" time="-1.620239967337E9">
    <failure type="org.testng.TestNGException" message="
Parameter &amp;apos;browser&amp;apos; is required by BeforeClass on method configBC but has not been marked @Optional or defined
in F:\Java\AutoDest_Project\testng_Distributed.xml">
      <![CDATA[org.testng.TestNGException: 
Parameter 'browser' is required by BeforeClass on method configBC but has not been marked @Optional or defined
in F:\Java\AutoDest_Project\testng_Distributed.xml
at java.base/java.util.ArrayList.forEach(ArrayList.java:1511)
at java.base/java.util.concurrent.FutureTask.run(FutureTask.java:264)
at java.base/java.util.concurrent.ThreadPoolExecutor.runWorker(ThreadPoolExecutor.java:1130)
at java.base/java.util.concurrent.ThreadPoolExecutor$Worker.run(ThreadPoolExecutor.java:630)
at java.base/java.lang.Thread.run(Thread.java:832)
... Removed 13 stack frames]]>
    </failure>
  </testcase> <!-- @BeforeClass configBC -->
  <testcase classname="com.crm.vtiger.GenericUtils.BaseClass" name="@BeforeMethod setUp" time="-1.620239967399E9">
    <skipped/>
  </testcase> <!-- @BeforeMethod setUp -->
  <testcase classname="com.crm.vtiger.GenericUtils.BaseClass" name="@AfterMethod tearDown" time="-1.620239967431E9">
    <skipped/>
  </testcase> <!-- @AfterMethod tearDown -->
  <testcase classname="com.crm.vtiger.GenericUtils.BaseClass" name="@AfterClass configAC" time="-1.620239967442E9">
    <skipped/>
  </testcase> <!-- @AfterClass configAC -->
  <testcase classname="com.crm.vtiger.GenericUtils.BaseClass" name="@BeforeClass configBC" time="-1.620239967457E9">
    <failure type="org.testng.TestNGException" message="
Parameter &amp;apos;browser&amp;apos; is required by BeforeClass on method configBC but has not been marked @Optional or defined
in F:\Java\AutoDest_Project\testng_Distributed.xml">
      <![CDATA[org.testng.TestNGException: 
Parameter 'browser' is required by BeforeClass on method configBC but has not been marked @Optional or defined
in F:\Java\AutoDest_Project\testng_Distributed.xml
at java.base/java.util.ArrayList.forEach(ArrayList.java:1511)
at java.base/java.util.concurrent.FutureTask.run(FutureTask.java:264)
at java.base/java.util.concurrent.ThreadPoolExecutor.runWorker(ThreadPoolExecutor.java:1130)
at java.base/java.util.concurrent.ThreadPoolExecutor$Worker.run(ThreadPoolExecutor.java:630)
at java.base/java.lang.Thread.run(Thread.java:832)
... Removed 13 stack frames]]>
    </failure>
  </testcase> <!-- @BeforeClass configBC -->
  <testcase classname="com.crm.vtiger.GenericUtils.BaseClass" name="@BeforeMethod setUp" time="-1.62023996747E9">
    <skipped/>
  </testcase> <!-- @BeforeMethod setUp -->
  <testcase classname="com.crm.vtiger.GenericUtils.BaseClass" name="@AfterMethod tearDown" time="-1.620239967505E9">
    <skipped/>
  </testcase> <!-- @AfterMethod tearDown -->
  <testcase classname="com.crm.vtiger.GenericUtils.BaseClass" name="@AfterClass configAC" time="-1.62023996751E9">
    <skipped/>
  </testcase> <!-- @AfterClass configAC -->
  <testcase classname="com.crm.vtiger.GenericUtils.BaseClass" name="@BeforeClass configBC" time="-1.620239967537E9">
    <failure type="org.testng.TestNGException" message="
Parameter &amp;apos;browser&amp;apos; is required by BeforeClass on method configBC but has not been marked @Optional or defined
in F:\Java\AutoDest_Project\testng_Distributed.xml">
      <![CDATA[org.testng.TestNGException: 
Parameter 'browser' is required by BeforeClass on method configBC but has not been marked @Optional or defined
in F:\Java\AutoDest_Project\testng_Distributed.xml
at java.base/java.util.ArrayList.forEach(ArrayList.java:1511)
at java.base/java.util.concurrent.FutureTask.run(FutureTask.java:264)
at java.base/java.util.concurrent.ThreadPoolExecutor.runWorker(ThreadPoolExecutor.java:1130)
at java.base/java.util.concurrent.ThreadPoolExecutor$Worker.run(ThreadPoolExecutor.java:630)
at java.base/java.lang.Thread.run(Thread.java:832)
... Removed 13 stack frames]]>
    </failure>
  </testcase> <!-- @BeforeClass configBC -->
  <testcase classname="com.crm.vtiger.GenericUtils.BaseClass" name="@BeforeMethod setUp" time="-1.620239967568E9">
    <skipped/>
  </testcase> <!-- @BeforeMethod setUp -->
  <testcase classname="com.crm.vtiger.GenericUtils.BaseClass" name="@AfterMethod tearDown" time="-1.620239967592E9">
    <skipped/>
  </testcase> <!-- @AfterMethod tearDown -->
  <testcase classname="com.crm.vtiger.GenericUtils.BaseClass" name="@AfterClass configAC" time="-1.62023996761E9">
    <skipped/>
  </testcase> <!-- @AfterClass configAC -->
  <testcase classname="com.crm.vtigerTests.organization.TL_17CreatingOrganizationCopyingBillingAdressSelectOptionIsEnableOrNot_Test" name="createbillingbutton" time="0.0">
    <skipped/>
  </testcase> <!-- createbillingbutton -->
  <testcase classname="com.crm.vtigerTests.organization.TL_18_CreateOrganizationWithShippingAddress_Test" name="createorgwithShipping" time="0.0">
    <skipped/>
  </testcase> <!-- createorgwithShipping -->
  <testcase classname="com.crm.vtigerTests.organization.TL_16_CreatingOrganizationCopyingShippingAddressSelectoptionisenablesornot_Test" name="createshippingbutton" time="0.0">
    <skipped/>
  </testcase> <!-- createshippingbutton -->
  <testcase classname="com.crm.vtigerTests.organization.Tl_20_CreatingOrganizationWithBillingAdress_Test" name="createorgwithbilling" time="0.0">
    <skipped/>
  </testcase> <!-- createorgwithbilling -->
  <testcase classname="com.crm.vtigerTests.organization.TL_19CreatingOrganizationWithOutShippingAdress_Test" name="createsorgwithoutshipping" time="0.0">
    <skipped/>
  </testcase> <!-- createsorgwithoutshipping -->
  <testcase classname="com.crm.vtiger.GenericUtils.BaseClass" name="@AfterTest configAT" time="0.0">
    <ignored/>
  </testcase> <!-- @AfterTest configAT -->
  <testcase classname="com.crm.vtiger.GenericUtils.BaseClass" name="@AfterTest configAT" time="0.0">
    <ignored/>
  </testcase> <!-- @AfterTest configAT -->
  <testcase classname="com.crm.vtiger.GenericUtils.BaseClass" name="@BeforeSuite configBS" time="0.0">
    <ignored/>
  </testcase> <!-- @BeforeSuite configBS -->
  <testcase classname="com.crm.vtiger.GenericUtils.BaseClass" name="@BeforeSuite configBS" time="0.0">
    <ignored/>
  </testcase> <!-- @BeforeSuite configBS -->
  <testcase classname="com.crm.vtiger.GenericUtils.BaseClass" name="@BeforeTest configBT" time="0.0">
    <ignored/>
  </testcase> <!-- @BeforeTest configBT -->
  <testcase classname="com.crm.vtiger.GenericUtils.BaseClass" name="@BeforeTest configBT" time="0.0">
    <ignored/>
  </testcase> <!-- @BeforeTest configBT -->
  <testcase classname="com.crm.vtiger.GenericUtils.BaseClass" name="@AfterSuite configAS" time="0.0">
    <ignored/>
  </testcase> <!-- @AfterSuite configAS -->
  <testcase classname="com.crm.vtiger.GenericUtils.BaseClass" name="@AfterSuite configAS" time="0.0">
    <ignored/>
  </testcase> <!-- @AfterSuite configAS -->
</testsuite> <!-- Test_runner-2 -->
